[debug] [2025-02-27T07:30:41.020Z] ----------------------------------------------------------------------
[debug] [2025-02-27T07:30:41.035Z] Command:       C:\Program Files\nodejs\node.exe C:\Users\Shafi Mohammad\AppData\Roaming\npm\node_modules\firebase-tools\lib\bin\firebase.js hosting:channel:deploy babai-test
[debug] [2025-02-27T07:30:41.036Z] CLI Version:   13.31.2
[debug] [2025-02-27T07:30:41.036Z] Platform:      win32
[debug] [2025-02-27T07:30:41.037Z] Node Version:  v20.10.0
[debug] [2025-02-27T07:30:41.037Z] Time:          Thu Feb 27 2025 13:00:41 GMT+0530 (India Standard Time)
[debug] [2025-02-27T07:30:41.038Z] ----------------------------------------------------------------------
[debug] 
[debug] [2025-02-27T07:30:41.481Z] > command requires scopes: ["email","openid","https://www.googleapis.com/auth/cloudplatformprojects.readonly","https://www.googleapis.com/auth/firebase","https://www.googleapis.com/auth/cloud-platform"]
[debug] [2025-02-27T07:30:41.482Z] > authorizing via signed-in user (shafimohammad5050@gmail.com)
[debug] [2025-02-27T07:30:41.483Z] [iam] checking project btechbabaiii for permissions ["firebase.projects.get","firebasehosting.sites.update"]
[debug] [2025-02-27T07:30:41.486Z] Checked if tokens are valid: false, expires at: 1740635528499
[debug] [2025-02-27T07:30:41.487Z] Checked if tokens are valid: false, expires at: 1740635528499
[debug] [2025-02-27T07:30:41.488Z] > refreshing access token with scopes: []
[debug] [2025-02-27T07:30:41.491Z] >>> [apiv2][query] POST https://www.googleapis.com/oauth2/v3/token [none]
[debug] [2025-02-27T07:30:41.491Z] >>> [apiv2][body] POST https://www.googleapis.com/oauth2/v3/token [omitted]
[debug] [2025-02-27T07:30:53.539Z] *** [apiv2] error from fetch(https://www.googleapis.com/oauth2/v3/token, {"headers":{},"method":"POST","body":{"_overheadLength":545,"_valueLength":212,"_valuesToMeasure":[],"writable":false,"readable":true,"dataSize":0,"maxDataSize":2097152,"pauseStreams":true,"_released":true,"_streams":[],"_currentStream":null,"_insideLoop":false,"_pendingNext":false,"_boundary":"--------------------------331644629198956038451454","_events":{},"_eventsCount":1}}): FetchError: request to https://www.googleapis.com/oauth2/v3/token failed, reason: getaddrinfo ENOTFOUND www.googleapis.com
[error] Authentication Error: Your credentials are no longer valid. Please run firebase login --reauth

For CI servers and headless environments, generate a new token with firebase login:ci
[debug] [2025-02-27T07:30:53.543Z] [iam] error while checking permissions, command may fail: Authentication Error: Your credentials are no longer valid. Please run firebase login --reauth

For CI servers and headless environments, generate a new token with firebase login:ci
[debug] [2025-02-27T07:30:53.544Z] Checked if tokens are valid: false, expires at: 1740635528499
[debug] [2025-02-27T07:30:53.545Z] Checked if tokens are valid: false, expires at: 1740635528499
[debug] [2025-02-27T07:30:53.545Z] > refreshing access token with scopes: []
[debug] [2025-02-27T07:30:53.546Z] >>> [apiv2][query] POST https://www.googleapis.com/oauth2/v3/token [none]
[debug] [2025-02-27T07:30:53.546Z] >>> [apiv2][body] POST https://www.googleapis.com/oauth2/v3/token [omitted]
[debug] [2025-02-27T07:31:13.526Z] *** [apiv2] error from fetch(https://www.googleapis.com/oauth2/v3/token, {"headers":{},"method":"POST","body":{"_overheadLength":545,"_valueLength":212,"_valuesToMeasure":[],"writable":false,"readable":true,"dataSize":0,"maxDataSize":2097152,"pauseStreams":true,"_released":true,"_streams":[],"_currentStream":null,"_insideLoop":false,"_pendingNext":false,"_boundary":"--------------------------322739572797731410264257","_events":{},"_eventsCount":1}}): FetchError: request to https://www.googleapis.com/oauth2/v3/token failed, reason: Client network socket disconnected before secure TLS connection was established
[error] Authentication Error: Your credentials are no longer valid. Please run firebase login --reauth

For CI servers and headless environments, generate a new token with firebase login:ci
[debug] [2025-02-27T07:31:13.529Z] Authentication Error: Your credentials are no longer valid. Please run firebase login --reauth

For CI servers and headless environments, generate a new token with firebase login:ci
[debug] [2025-02-27T07:31:18.543Z] Error: Timed out.
    at Timeout._onTimeout (C:\Users\Shafi Mohammad\AppData\Roaming\npm\node_modules\firebase-tools\lib\utils.js:269:49)
    at listOnTimeout (node:internal/timers:573:17)
    at process.processTimers (node:internal/timers:514:7)
[error] 
[error] Error: An unexpected error has occurred.
